<?xml version="1.0" encoding="UTF-8"?>
<!-- Generated by org.testng.reporters.JUnitReportReporter -->
<testsuite hostname="DESKTOP-DBJQC0I" failures="0" tests="5" name="parallelExe.ParallelTest5" time="31.117" errors="0" timestamp="2023-12-19T11:46:09 IST" skipped="0">
  <testcase classname="parallelExe.ParallelTest5" name="testcase3" time="5.310"/>
  <testcase classname="parallelExe.ParallelTest5" name="testcase4" time="5.691"/>
  <testcase classname="parallelExe.ParallelTest5" name="testcase5" time="0.231"/>
  <testcase classname="parallelExe.ParallelTest5" name="testcase2" time="5.095"/>
  <testcase classname="parallelExe.ParallelTest5" name="testcase1" time="14.790"/>
</testsuite> <!-- parallelExe.ParallelTest5 -->
