<?xml version="1.0" encoding="UTF-8"?>
<!-- Generated by org.testng.reporters.JUnitReportReporter -->
<testsuite hostname="DESKTOP-DBJQC0I" failures="0" tests="8" name="groupsTest.NewTest" time="0.103" errors="0" timestamp="2023-12-19T11:08:26 IST" skipped="0">
  <testcase classname="groupsTest.NewTest" name="test3" time="0.004"/>
  <testcase classname="groupsTest.NewTest" name="test4" time="0.015"/>
  <testcase classname="groupsTest.NewTest" name="test9" time="0.003"/>
  <testcase classname="groupsTest.NewTest" name="test7" time="0.010"/>
  <testcase classname="groupsTest.NewTest" name="test2" time="0.021"/>
  <testcase classname="groupsTest.NewTest" name="test6" time="0.023"/>
  <testcase classname="groupsTest.NewTest" name="test5" time="0.010"/>
  <testcase classname="groupsTest.NewTest" name="test8" time="0.017"/>
</testsuite> <!-- groupsTest.NewTest -->
