<?xml version="1.0" encoding="UTF-8"?>
<!-- Generated by org.testng.reporters.JUnitReportReporter -->
<testsuite hostname="DESKTOP-DBJQC0I" failures="0" tests="5" name="parallelExe.ParallelTest3" time="38.118" errors="0" timestamp="2023-12-19T11:46:09 IST" skipped="0">
  <testcase classname="parallelExe.ParallelTest3" name="testcase3" time="5.468"/>
  <testcase classname="parallelExe.ParallelTest3" name="testcase2" time="5.134"/>
  <testcase classname="parallelExe.ParallelTest3" name="testcase1" time="21.440"/>
  <testcase classname="parallelExe.ParallelTest3" name="testcase5" time="0.318"/>
  <testcase classname="parallelExe.ParallelTest3" name="testcase4" time="5.758"/>
</testsuite> <!-- parallelExe.ParallelTest3 -->
