<?xml version="1.0" encoding="UTF-8"?>
<!-- Generated by org.testng.reporters.JUnitReportReporter -->
<testsuite hostname="DESKTOP-DBJQC0I" failures="0" tests="5" name="testNGpractice.Test2" time="31.254" errors="0" timestamp="2023-12-19T00:54:18 IST" skipped="0">
  <testcase classname="testNGpractice.Test2" name="testcase2" time="5.029"/>
  <testcase classname="testNGpractice.Test2" name="testcase3" time="5.393"/>
  <testcase classname="testNGpractice.Test2" name="testcase1" time="15.004"/>
  <testcase classname="testNGpractice.Test2" name="testcase5" time="0.454"/>
  <testcase classname="testNGpractice.Test2" name="testcase4" time="5.374"/>
</testsuite> <!-- testNGpractice.Test2 -->
