<?xml version="1.0" encoding="UTF-8"?>
<!-- Generated by org.testng.reporters.JUnitReportReporter -->
<testsuite hostname="DESKTOP-DBJQC0I" failures="0" tests="1" name="testNGpractice.NewTest" time="0.023" errors="0" timestamp="2023-12-26T11:38:51 IST" skipped="0">
  <testcase classname="testNGpractice.NewTest" name="pTest" time="0.023"/>
</testsuite> <!-- testNGpractice.NewTest -->
