<?xml version="1.0" encoding="UTF-8"?>
<!-- Generated by org.testng.reporters.JUnitReportReporter -->
<testsuite hostname="DESKTOP-DBJQC0I" failures="0" tests="5" name="testNGpractice.Test1" time="31.077" errors="0" timestamp="2023-12-19T00:54:18 IST" skipped="0">
  <testcase classname="testNGpractice.Test1" name="testcase2" time="5.046"/>
  <testcase classname="testNGpractice.Test1" name="testcase3" time="5.384"/>
  <testcase classname="testNGpractice.Test1" name="testcase1" time="15.006"/>
  <testcase classname="testNGpractice.Test1" name="testcase5" time="0.229"/>
  <testcase classname="testNGpractice.Test1" name="testcase4" time="5.412"/>
</testsuite> <!-- testNGpractice.Test1 -->
