<?xml version="1.0" encoding="UTF-8"?>
<!-- Generated by org.testng.reporters.JUnitReportReporter -->
<testsuite hostname="DESKTOP-DBJQC0I" failures="0" tests="3" name="dataProviderCo.DataProviderEx" time="43.496" errors="0" timestamp="2023-12-26T12:26:06 IST" skipped="0">
  <testcase classname="dataProviderCo.DataProviderEx" name="pTest" time="13.795"/>
  <testcase classname="dataProviderCo.DataProviderEx" name="pTest" time="15.855"/>
  <testcase classname="dataProviderCo.DataProviderEx" name="pTest" time="13.846"/>
</testsuite> <!-- dataProviderCo.DataProviderEx -->
