<?xml version="1.0" encoding="UTF-8"?>
<!-- Generated by org.testng.reporters.JUnitReportReporter -->
<testsuite hostname="DESKTOP-DBJQC0I" failures="0" tests="5" name="parallelExe.ParallelTest4" time="32.628" errors="0" timestamp="2023-12-19T11:46:09 IST" skipped="0">
  <testcase classname="parallelExe.ParallelTest4" name="testcase5" time="0.434"/>
  <testcase classname="parallelExe.ParallelTest4" name="testcase4" time="5.735"/>
  <testcase classname="parallelExe.ParallelTest4" name="testcase1" time="15.786"/>
  <testcase classname="parallelExe.ParallelTest4" name="testcase2" time="5.040"/>
  <testcase classname="parallelExe.ParallelTest4" name="testcase3" time="5.633"/>
</testsuite> <!-- parallelExe.ParallelTest4 -->
