<?xml version="1.0" encoding="UTF-8"?>
<!-- Generated by org.testng.reporters.JUnitReportReporter -->
<testsuite hostname="DESKTOP-DBJQC0I" failures="0" tests="5" name="parallelExe.ParallelTest6" time="38.027" errors="0" timestamp="2023-12-19T11:44:29 IST" skipped="0">
  <testcase classname="parallelExe.ParallelTest6" name="testcase5" time="0.637"/>
  <testcase classname="parallelExe.ParallelTest6" name="testcase2" time="5.114"/>
  <testcase classname="parallelExe.ParallelTest6" name="testcase3" time="5.673"/>
  <testcase classname="parallelExe.ParallelTest6" name="testcase4" time="5.912"/>
  <testcase classname="parallelExe.ParallelTest6" name="testcase1" time="20.691"/>
</testsuite> <!-- parallelExe.ParallelTest6 -->
