<?xml version="1.0" encoding="UTF-8"?>
<!-- Generated by org.testng.reporters.JUnitReportReporter -->
<testsuite hostname="DESKTOP-DBJQC0I" failures="0" tests="5" name="testNGpractice.Test1" time="21.721" errors="0" timestamp="2023-12-15T11:57:15 IST" skipped="1">
  <testcase classname="testNGpractice.Test1" name="testcase5" time="0.468"/>
  <testcase classname="testNGpractice.Test1" name="testcase1" time="10.853"/>
  <testcase classname="testNGpractice.Test1" name="testcase2" time="5.072"/>
  <testcase classname="testNGpractice.Test1" name="testcase3" time="5.328"/>
  <testcase classname="testNGpractice.Test1" name="testcase4">
    <skipped/>
  </testcase> <!-- testcase4 -->
</testsuite> <!-- testNGpractice.Test1 -->
