<?xml version="1.0" encoding="UTF-8"?>
<!-- Generated by org.testng.reporters.JUnitReportReporter -->
<testsuite hostname="DESKTOP-DBJQC0I" failures="0" tests="9" name="groupsTest.NewTest" time="0.085" errors="0" timestamp="2023-12-18T11:27:54 IST" skipped="0">
  <testcase classname="groupsTest.NewTest" name="test4" time="0.009"/>
  <testcase classname="groupsTest.NewTest" name="test7" time="0.011"/>
  <testcase classname="groupsTest.NewTest" name="test9" time="0.012"/>
  <testcase classname="groupsTest.NewTest" name="test5" time="0.010"/>
  <testcase classname="groupsTest.NewTest" name="test15" time="0.018"/>
  <testcase classname="groupsTest.NewTest" name="test8" time="0.006"/>
  <testcase classname="groupsTest.NewTest" name="test6" time="0.008"/>
  <testcase classname="groupsTest.NewTest" name="test2" time="0.006"/>
  <testcase classname="groupsTest.NewTest" name="test3" time="0.005"/>
</testsuite> <!-- groupsTest.NewTest -->
