<?xml version="1.0" encoding="UTF-8"?>
<!-- Generated by org.testng.reporters.JUnitReportReporter -->
<testsuite hostname="DESKTOP-DBJQC0I" failures="0" tests="4" name="parallelExe.ParallelTest1" time="23.986" errors="0" timestamp="2023-12-19T11:47:51 IST" skipped="0">
  <testcase classname="parallelExe.ParallelTest1" name="testcase2" time="5.026"/>
  <testcase classname="parallelExe.ParallelTest1" name="testcase1" time="13.391"/>
  <testcase classname="parallelExe.ParallelTest1" name="testcase5" time="0.334"/>
  <testcase classname="parallelExe.ParallelTest1" name="testcase4" time="5.235"/>
</testsuite> <!-- parallelExe.ParallelTest1 -->
